C:\Project\TypeScript\demo2\demo2\app.js
C:\Project\TypeScript\demo2\demo2\app.js.map
C:\Project\TypeScript\demo2\demo2\app.js
C:\Project\TypeScript\demo2\demo2\app.js.map
C:\Project\TypeScript\demo2\demo2\triangle.js
C:\Project\TypeScript\demo2\demo2\triangle.js.map
C:\Project\TypeScript\demo2\demo2\app.js
C:\Project\TypeScript\demo2\demo2\app.js.map
C:\Project\TypeScript\demo2\demo2\triangle.js
C:\Project\TypeScript\demo2\demo2\triangle.js.map
C:\Project\TypeScript\demo2\demo2\app.js
C:\Project\TypeScript\demo2\demo2\app.js.map
C:\Project\TypeScript\demo2\demo2\triangle.js
C:\Project\TypeScript\demo2\demo2\triangle.js.map
C:\Project\TypeScript\demo2\demo2\app.js
C:\Project\TypeScript\demo2\demo2\app.js.map
C:\Project\TypeScript\demo2\demo2\triangle.js
C:\Project\TypeScript\demo2\demo2\triangle.js.map
C:\Project\TypeScript\demo2\demo2\app.js
C:\Project\TypeScript\demo2\demo2\app.js.map
C:\Project\TypeScript\demo2\demo2\triangle.js
C:\Project\TypeScript\demo2\demo2\triangle.js.map
C:\Project\TypeScript\demo2\demo2\app.js
C:\Project\TypeScript\demo2\demo2\app.js.map
C:\Project\TypeScript\demo2\demo2\triangle.js
C:\Project\TypeScript\demo2\demo2\triangle.js.map
C:\Project\TypeScript\demo2\demo2\app.js
C:\Project\TypeScript\demo2\demo2\app.js.map
C:\Project\TypeScript\demo2\demo2\triangle.js
C:\Project\TypeScript\demo2\demo2\triangle.js.map
C:\Project\TypeScript\demo2\demo2\app.js
C:\Project\TypeScript\demo2\demo2\app.js.map
C:\Project\TypeScript\demo2\demo2\triangle.js
C:\Project\TypeScript\demo2\demo2\triangle.js.map
C:\Project\TypeScript\demo2\demo2\app.js
C:\Project\TypeScript\demo2\demo2\app.js.map
C:\Project\TypeScript\demo2\demo2\triangle.js
C:\Project\TypeScript\demo2\demo2\triangle.js.map
C:\Project\TypeScript\demo2\demo2\app.js
C:\Project\TypeScript\demo2\demo2\app.js.map
C:\Project\TypeScript\demo2\demo2\triangle.js
C:\Project\TypeScript\demo2\demo2\triangle.js.map
C:\Project\TypeScript\demo2\demo2\app.js
C:\Project\TypeScript\demo2\demo2\app.js.map
C:\Project\TypeScript\demo2\demo2\squad.js
C:\Project\TypeScript\demo2\demo2\squad.js.map
C:\Project\TypeScript\demo2\demo2\triangle.js
C:\Project\TypeScript\demo2\demo2\triangle.js.map
C:\Project\TypeScript\demo2\demo2\app.js
C:\Project\TypeScript\demo2\demo2\app.js.map
C:\Project\TypeScript\demo2\demo2\squad.js
C:\Project\TypeScript\demo2\demo2\squad.js.map
C:\Project\TypeScript\demo2\demo2\triangle.js
C:\Project\TypeScript\demo2\demo2\triangle.js.map
C:\Project\TypeScript\demo2\demo2\app.js
C:\Project\TypeScript\demo2\demo2\app.js.map
C:\Project\TypeScript\demo2\demo2\squad.js
C:\Project\TypeScript\demo2\demo2\squad.js.map
C:\Project\TypeScript\demo2\demo2\triangle.js
C:\Project\TypeScript\demo2\demo2\triangle.js.map
C:\Project\TypeScript\demo2\demo2\app.js
C:\Project\TypeScript\demo2\demo2\app.js.map
C:\Project\TypeScript\demo2\demo2\squad.js
C:\Project\TypeScript\demo2\demo2\squad.js.map
C:\Project\TypeScript\demo2\demo2\triangle.js
C:\Project\TypeScript\demo2\demo2\triangle.js.map
C:\Project\TypeScript\demo2\demo2\app.js
C:\Project\TypeScript\demo2\demo2\app.js.map
C:\Project\TypeScript\demo2\demo2\squad.js
C:\Project\TypeScript\demo2\demo2\squad.js.map
C:\Project\TypeScript\demo2\demo2\triangle.js
C:\Project\TypeScript\demo2\demo2\triangle.js.map
C:\Project\TypeScript\demo2\demo2\app.js
C:\Project\TypeScript\demo2\demo2\app.js.map
C:\Project\TypeScript\demo2\demo2\squad.js
C:\Project\TypeScript\demo2\demo2\squad.js.map
C:\Project\TypeScript\demo2\demo2\triangle.js
C:\Project\TypeScript\demo2\demo2\triangle.js.map
C:\Project\TypeScript\demo2\demo2\app.js
C:\Project\TypeScript\demo2\demo2\app.js.map
C:\Project\TypeScript\demo2\demo2\squad.js
C:\Project\TypeScript\demo2\demo2\squad.js.map
C:\Project\TypeScript\demo2\demo2\triangle.js
C:\Project\TypeScript\demo2\demo2\triangle.js.map
C:\Project\TypeScript\demo2\demo2\app.js
C:\Project\TypeScript\demo2\demo2\app.js.map
C:\Project\TypeScript\demo2\demo2\squad.js
C:\Project\TypeScript\demo2\demo2\squad.js.map
C:\Project\TypeScript\demo2\demo2\triangle.js
C:\Project\TypeScript\demo2\demo2\triangle.js.map
C:\Project\TypeScript\demo2\demo2\app.js
C:\Project\TypeScript\demo2\demo2\app.js.map
C:\Project\TypeScript\demo2\demo2\squad.js
C:\Project\TypeScript\demo2\demo2\squad.js.map
C:\Project\TypeScript\demo2\demo2\triangle.js
C:\Project\TypeScript\demo2\demo2\triangle.js.map
C:\Project\TypeScript\demo2\demo2\app.js
C:\Project\TypeScript\demo2\demo2\app.js.map
C:\Project\TypeScript\demo2\demo2\squad.js
C:\Project\TypeScript\demo2\demo2\squad.js.map
C:\Project\TypeScript\demo2\demo2\triangle.js
C:\Project\TypeScript\demo2\demo2\triangle.js.map
C:\Project\TypeScript\demo2\demo2\app.js
C:\Project\TypeScript\demo2\demo2\app.js.map
C:\Project\TypeScript\demo2\demo2\squad.js
C:\Project\TypeScript\demo2\demo2\squad.js.map
C:\Project\TypeScript\demo2\demo2\triangle.js
C:\Project\TypeScript\demo2\demo2\triangle.js.map
C:\Project\TypeScript\demo2\demo2\app.js
C:\Project\TypeScript\demo2\demo2\app.js.map
C:\Project\TypeScript\demo2\demo2\squad.js
C:\Project\TypeScript\demo2\demo2\squad.js.map
C:\Project\TypeScript\demo2\demo2\triangle.js
C:\Project\TypeScript\demo2\demo2\triangle.js.map
C:\Project\TypeScript\demo2\demo2\app.js
C:\Project\TypeScript\demo2\demo2\app.js.map
C:\Project\TypeScript\demo2\demo2\squad.js
C:\Project\TypeScript\demo2\demo2\squad.js.map
C:\Project\TypeScript\demo2\demo2\triangle.js
C:\Project\TypeScript\demo2\demo2\triangle.js.map
C:\Project\TypeScript\demo2\demo2\app.js
C:\Project\TypeScript\demo2\demo2\app.js.map
C:\Project\TypeScript\demo2\demo2\squad.js
C:\Project\TypeScript\demo2\demo2\squad.js.map
C:\Project\TypeScript\demo2\demo2\triangle.js
C:\Project\TypeScript\demo2\demo2\triangle.js.map
C:\Project\TypeScript\demo2\demo2\app.js
C:\Project\TypeScript\demo2\demo2\app.js.map
C:\Project\TypeScript\demo2\demo2\squad.js
C:\Project\TypeScript\demo2\demo2\squad.js.map
C:\Project\TypeScript\demo2\demo2\triangle.js
C:\Project\TypeScript\demo2\demo2\triangle.js.map
C:\Project\TypeScript\demo2\demo2\app.js
C:\Project\TypeScript\demo2\demo2\app.js.map
C:\Project\TypeScript\demo2\demo2\squad.js
C:\Project\TypeScript\demo2\demo2\squad.js.map
C:\Project\TypeScript\demo2\demo2\triangle.js
C:\Project\TypeScript\demo2\demo2\triangle.js.map
C:\Project\TypeScript\demo2\demo2\app.js
C:\Project\TypeScript\demo2\demo2\app.js.map
C:\Project\TypeScript\demo2\demo2\squad.js
C:\Project\TypeScript\demo2\demo2\squad.js.map
C:\Project\TypeScript\demo2\demo2\triangle.js
C:\Project\TypeScript\demo2\demo2\triangle.js.map
C:\Project\TypeScript\demo2\demo2\app.js
C:\Project\TypeScript\demo2\demo2\app.js.map
C:\Project\TypeScript\demo2\demo2\squad.js
C:\Project\TypeScript\demo2\demo2\squad.js.map
C:\Project\TypeScript\demo2\demo2\triangle.js
C:\Project\TypeScript\demo2\demo2\triangle.js.map
C:\Project\TypeScript\demo2\demo2\app.js
C:\Project\TypeScript\demo2\demo2\app.js.map
C:\Project\TypeScript\demo2\demo2\squad.js
C:\Project\TypeScript\demo2\demo2\squad.js.map
C:\Project\TypeScript\demo2\demo2\triangle.js
C:\Project\TypeScript\demo2\demo2\triangle.js.map
C:\Project\TypeScript\demo2\demo2\app.js
C:\Project\TypeScript\demo2\demo2\app.js.map
C:\Project\TypeScript\demo2\demo2\squad.js
C:\Project\TypeScript\demo2\demo2\squad.js.map
C:\Project\TypeScript\demo2\demo2\triangle.js
C:\Project\TypeScript\demo2\demo2\triangle.js.map
C:\Project\TypeScript\demo2\demo2\app.js
C:\Project\TypeScript\demo2\demo2\app.js.map
C:\Project\TypeScript\demo2\demo2\squad.js
C:\Project\TypeScript\demo2\demo2\squad.js.map
C:\Project\TypeScript\demo2\demo2\triangle.js
C:\Project\TypeScript\demo2\demo2\triangle.js.map
C:\Project\TypeScript\demo2\demo2\app.js
C:\Project\TypeScript\demo2\demo2\app.js.map
C:\Project\TypeScript\demo2\demo2\squad.js
C:\Project\TypeScript\demo2\demo2\squad.js.map
C:\Project\TypeScript\demo2\demo2\triangle.js
C:\Project\TypeScript\demo2\demo2\triangle.js.map
C:\Project\TypeScript\demo2\demo2\app.js
C:\Project\TypeScript\demo2\demo2\app.js.map
C:\Project\TypeScript\demo2\demo2\squad.js
C:\Project\TypeScript\demo2\demo2\squad.js.map
C:\Project\TypeScript\demo2\demo2\triangle.js
C:\Project\TypeScript\demo2\demo2\triangle.js.map
C:\Project\TypeScript\demo2\demo2\app.js
C:\Project\TypeScript\demo2\demo2\app.js.map
C:\Project\TypeScript\demo2\demo2\squad.js
C:\Project\TypeScript\demo2\demo2\squad.js.map
C:\Project\TypeScript\demo2\demo2\triangle.js
C:\Project\TypeScript\demo2\demo2\triangle.js.map
C:\Project\TypeScript\demo2\demo2\app.js
C:\Project\TypeScript\demo2\demo2\app.js.map
C:\Project\TypeScript\demo2\demo2\squad.js
C:\Project\TypeScript\demo2\demo2\squad.js.map
C:\Project\TypeScript\demo2\demo2\triangle.js
C:\Project\TypeScript\demo2\demo2\triangle.js.map
C:\Project\TypeScript\demo2\demo2\app.js
C:\Project\TypeScript\demo2\demo2\app.js.map
C:\Project\TypeScript\demo2\demo2\squad.js
C:\Project\TypeScript\demo2\demo2\squad.js.map
C:\Project\TypeScript\demo2\demo2\triangle.js
C:\Project\TypeScript\demo2\demo2\triangle.js.map
C:\Project\TypeScript\demo2\demo2\app.js
C:\Project\TypeScript\demo2\demo2\app.js.map
C:\Project\TypeScript\demo2\demo2\squad.js
C:\Project\TypeScript\demo2\demo2\squad.js.map
C:\Project\TypeScript\demo2\demo2\triangle.js
C:\Project\TypeScript\demo2\demo2\triangle.js.map
C:\Project\TypeScript\demo2\demo2\app.js
C:\Project\TypeScript\demo2\demo2\app.js.map
C:\Project\TypeScript\demo2\demo2\squad.js
C:\Project\TypeScript\demo2\demo2\squad.js.map
C:\Project\TypeScript\demo2\demo2\triangle.js
C:\Project\TypeScript\demo2\demo2\triangle.js.map
C:\Project\TypeScript\demo2\demo2\app.js
C:\Project\TypeScript\demo2\demo2\app.js.map
C:\Project\TypeScript\demo2\demo2\squad.js
C:\Project\TypeScript\demo2\demo2\squad.js.map
C:\Project\TypeScript\demo2\demo2\triangle.js
C:\Project\TypeScript\demo2\demo2\triangle.js.map
C:\Project\TypeScript\demo2\demo2\app.js
C:\Project\TypeScript\demo2\demo2\app.js.map
C:\Project\TypeScript\demo2\demo2\squad.js
C:\Project\TypeScript\demo2\demo2\squad.js.map
C:\Project\TypeScript\demo2\demo2\triangle.js
C:\Project\TypeScript\demo2\demo2\triangle.js.map
C:\Project\TypeScript\demo2\demo2\app.js
C:\Project\TypeScript\demo2\demo2\app.js.map
C:\Project\TypeScript\demo2\demo2\squad.js
C:\Project\TypeScript\demo2\demo2\squad.js.map
C:\Project\TypeScript\demo2\demo2\triangle.js
C:\Project\TypeScript\demo2\demo2\triangle.js.map
C:\Project\TypeScript\demo2\demo2\app.js
C:\Project\TypeScript\demo2\demo2\app.js.map
C:\Project\TypeScript\demo2\demo2\squad.js
C:\Project\TypeScript\demo2\demo2\squad.js.map
C:\Project\TypeScript\demo2\demo2\triangle.js
C:\Project\TypeScript\demo2\demo2\triangle.js.map
C:\Project\TypeScript\demo2\demo2\app.js
C:\Project\TypeScript\demo2\demo2\app.js.map
C:\Project\TypeScript\demo2\demo2\squad.js
C:\Project\TypeScript\demo2\demo2\squad.js.map
C:\Project\TypeScript\demo2\demo2\triangle.js
C:\Project\TypeScript\demo2\demo2\triangle.js.map
